mode: set
github.com\jmorgan1321\golang-games\core\kernel\state.go:12.32,13.11 1 1
github.com\jmorgan1321\golang-games\core\kernel\state.go:14.2,15.33 1 0
github.com\jmorgan1321\golang-games\core\kernel\state.go:16.2,17.33 1 1
github.com\jmorgan1321\golang-games\core\kernel\state.go:18.2,19.33 1 1
github.com\jmorgan1321\golang-games\core\kernel\state.go:20.2,21.35 1 1
github.com\jmorgan1321\golang-games\core\kernel\state.go:22.2,23.36 1 1
github.com\jmorgan1321\golang-games\core\kernel\kernel.go:17.45,17.57 1 0
github.com\jmorgan1321\golang-games\core\kernel\kernel.go:47.18,55.2 5 1
github.com\jmorgan1321\golang-games\core\kernel\kernel.go:60.43,64.31 3 1
github.com\jmorgan1321\golang-games\core\kernel\kernel.go:68.2,68.29 1 1
github.com\jmorgan1321\golang-games\core\kernel\kernel.go:64.31,66.3 1 1
github.com\jmorgan1321\golang-games\core\kernel\kernel.go:68.29,70.3 1 1
github.com\jmorgan1321\golang-games\core\kernel\kernel.go:74.27,78.42 3 1
github.com\jmorgan1321\golang-games\core\kernel\kernel.go:82.2,82.44 1 1
github.com\jmorgan1321\golang-games\core\kernel\kernel.go:78.42,80.3 1 1
github.com\jmorgan1321\golang-games\core\kernel\kernel.go:82.44,84.3 1 1
github.com\jmorgan1321\golang-games\core\kernel\kernel.go:87.39,96.6 6 1
github.com\jmorgan1321\golang-games\core\kernel\kernel.go:124.2,124.17 1 1
github.com\jmorgan1321\golang-games\core\kernel\kernel.go:129.2,129.25 1 1
github.com\jmorgan1321\golang-games\core\kernel\kernel.go:96.6,97.10 1 1
github.com\jmorgan1321\golang-games\core\kernel\kernel.go:98.3,99.48 1 1
github.com\jmorgan1321\golang-games\core\kernel\kernel.go:103.4,105.35 2 1
github.com\jmorgan1321\golang-games\core\kernel\kernel.go:110.4,110.33 1 1
github.com\jmorgan1321\golang-games\core\kernel\kernel.go:116.4,116.26 1 1
github.com\jmorgan1321\golang-games\core\kernel\kernel.go:120.4,120.23 1 1
github.com\jmorgan1321\golang-games\core\kernel\kernel.go:99.48,100.21 1 1
github.com\jmorgan1321\golang-games\core\kernel\kernel.go:105.35,108.5 2 1
github.com\jmorgan1321\golang-games\core\kernel\kernel.go:110.33,113.5 2 1
github.com\jmorgan1321\golang-games\core\kernel\kernel.go:116.26,117.21 1 1
github.com\jmorgan1321\golang-games\core\kernel\kernel.go:125.2,126.26 1 1
github.com\jmorgan1321\golang-games\core\kernel\kernel.go:132.39,134.2 1 1
github.com\jmorgan1321\golang-games\core\kernel\kernel.go:136.43,138.2 1 1
github.com\jmorgan1321\golang-games\core\kernel\serialization.go:9.47,13.18 2 1
github.com\jmorgan1321\golang-games\core\kernel\serialization.go:24.2,24.12 1 1
github.com\jmorgan1321\golang-games\core\kernel\serialization.go:14.2,15.29 1 1
github.com\jmorgan1321\golang-games\core\kernel\serialization.go:18.3,18.17 1 1
github.com\jmorgan1321\golang-games\core\kernel\serialization.go:21.2,22.15 1 1
github.com\jmorgan1321\golang-games\core\kernel\serialization.go:15.29,17.4 1 1
github.com\jmorgan1321\golang-games\core\kernel\serialization.go:18.17,20.4 1 0
github.com\jmorgan1321\golang-games\core\kernel\serialization.go:31.39,38.12 5 1
github.com\jmorgan1321\golang-games\core\kernel\serialization.go:43.2,49.22 5 1
github.com\jmorgan1321\golang-games\core\kernel\serialization.go:38.12,40.3 1 0
github.com\jmorgan1321\golang-games\core\kernel\serialization.go:49.22,51.18 1 1
github.com\jmorgan1321\golang-games\core\kernel\serialization.go:55.3,55.28 1 1
github.com\jmorgan1321\golang-games\core\kernel\serialization.go:51.18,52.12 1 1
github.com\jmorgan1321\golang-games\core\kernel\serialization.go:56.3,58.34 1 1
github.com\jmorgan1321\golang-games\core\kernel\serialization.go:59.3,60.13 1 1
github.com\jmorgan1321\golang-games\core\kernel\serialization.go:61.4,62.29 1 1
github.com\jmorgan1321\golang-games\core\kernel\serialization.go:68.4,69.29 1 1
github.com\jmorgan1321\golang-games\core\kernel\serialization.go:62.29,67.6 4 1
github.com\jmorgan1321\golang-games\core\kernel\serialization.go:69.29,74.6 4 1
github.com\jmorgan1321\golang-games\core\kernel\serialization.go:80.80,83.33 2 1
github.com\jmorgan1321\golang-games\core\kernel\serialization.go:84.2,85.53 1 0
github.com\jmorgan1321\golang-games\core\kernel\serialization.go:86.2,87.28 1 1
github.com\jmorgan1321\golang-games\core\kernel\serialization.go:88.2,89.23 1 1
github.com\jmorgan1321\golang-games\core\kernel\serialization.go:97.2,98.26 1 0
github.com\jmorgan1321\golang-games\core\kernel\serialization.go:90.3,91.43 1 1
github.com\jmorgan1321\golang-games\core\kernel\serialization.go:92.3,93.45 1 0
github.com\jmorgan1321\golang-games\core\kernel\serialization.go:94.3,95.38 1 0
github.com\jmorgan1321\golang-games\core\kernel\messaging.go:27.36,29.2 1 1
github.com\jmorgan1321\golang-games\core\kernel\messaging.go:36.36,37.34 1 1
github.com\jmorgan1321\golang-games\core\kernel\messaging.go:37.34,39.3 1 1
github.com\jmorgan1321\golang-games\core\kernel\messaging.go:42.56,44.2 1 1
github.com\jmorgan1321\golang-games\core\kernel\messaging.go:46.84,47.26 1 1
github.com\jmorgan1321\golang-games\core\kernel\messaging.go:51.2,52.14 2 1
github.com\jmorgan1321\golang-games\core\kernel\messaging.go:56.2,59.29 3 1
github.com\jmorgan1321\golang-games\core\kernel\messaging.go:47.26,49.3 1 1
github.com\jmorgan1321\golang-games\core\kernel\messaging.go:52.14,54.3 1 1
github.com\jmorgan1321\golang-games\core\kernel\messaging.go:62.70,64.45 2 1
github.com\jmorgan1321\golang-games\core\kernel\messaging.go:64.45,67.3 2 1
github.com\jmorgan1321\golang-games\core\kernel\messaging.go:70.104,73.2 2 1
github.com\jmorgan1321\golang-games\core\kernel\messaging.go:76.59,78.2 1 1
github.com\jmorgan1321\golang-games\core\kernel\messaging.go:90.65,95.29 3 1
github.com\jmorgan1321\golang-games\core\kernel\messaging.go:95.29,98.3 2 1
github.com\jmorgan1321\golang-games\core\kernel\messaging.go:101.34,103.68 1 1
github.com\jmorgan1321\golang-games\core\kernel\messaging.go:103.68,105.3 1 1
github.com\jmorgan1321\golang-games\core\kernel\messaging.go:108.70,110.2 1 1
github.com\jmorgan1321\golang-games\core\kernel\messaging.go:112.92,113.27 1 1
github.com\jmorgan1321\golang-games\core\kernel\messaging.go:118.2,119.50 2 1
github.com\jmorgan1321\golang-games\core\kernel\messaging.go:113.27,116.3 2 1
github.com\jmorgan1321\golang-games\core\kernel\gameObject.go:19.38,21.2 1 1
github.com\jmorgan1321\golang-games\core\kernel\gameObject.go:28.48,29.38 1 1
github.com\jmorgan1321\golang-games\core\kernel\gameObject.go:36.2,36.12 1 0
github.com\jmorgan1321\golang-games\core\kernel\gameObject.go:29.38,31.27 2 1
github.com\jmorgan1321\golang-games\core\kernel\gameObject.go:31.27,33.4 1 1
github.com\jmorgan1321\golang-games\core\kernel\helpers.go:9.41,14.16 4 1
github.com\jmorgan1321\golang-games\core\kernel\helpers.go:18.2,19.16 2 1
github.com\jmorgan1321\golang-games\core\kernel\helpers.go:24.2,26.12 3 1
github.com\jmorgan1321\golang-games\core\kernel\helpers.go:14.16,16.3 1 0
github.com\jmorgan1321\golang-games\core\kernel\helpers.go:19.16,22.3 2 0
